{"level":"info","message":"✔ Database connection established cleanly.","timestamp":"2026-07-01 11:53:22:5322"}
{"level":"info","message":"🚀 Server running in [development] mode on http://localhost:3000","timestamp":"2026-07-01 11:53:22:5322"}
{"level":"info","message":"📖 API documentation available on http://localhost:3000/api-docs","timestamp":"2026-07-01 11:53:22:5322"}
{"correlationId":"cf2b27ef-c3b3-411b-95ea-a251f9312d92","level":"http","message":"::1 - GET /api/v1/health 200 - 76.133 ms","requestId":"cf2b27ef-c3b3-411b-95ea-a251f9312d92","timestamp":"2026-07-01 11:53:30:5330"}
{"correlationId":"7387b585-dc09-4447-b802-5d57039e9237","level":"http","message":"::1 - GET /api/v1/health/live 200 - 0.576 ms","requestId":"7387b585-dc09-4447-b802-5d57039e9237","timestamp":"2026-07-01 11:53:30:5330"}
{"correlationId":"64a1dff6-d428-43bd-b30d-af2a660fbd96","level":"http","message":"::1 - GET /api/v1/health/ready 200 - 34.268 ms","requestId":"64a1dff6-d428-43bd-b30d-af2a660fbd96","timestamp":"2026-07-01 11:53:30:5330"}
{"level":"info","message":"✔ Database connection established cleanly.","timestamp":"2026-07-01 13:13:40:1340"}
{"level":"info","message":"🚀 Server running in [development] mode on http://localhost:3000","timestamp":"2026-07-01 13:13:40:1340"}
{"level":"info","message":"📖 API documentation available on http://localhost:3000/api-docs","timestamp":"2026-07-01 13:13:40:1340"}
{"correlationId":"6558a465-c271-412b-81c6-d891697b5558","level":"http","message":"::1 - GET / 404 - 13.443 ms","requestId":"6558a465-c271-412b-81c6-d891697b5558","timestamp":"2026-07-01 13:14:00:140"}
{"correlationId":"f923868e-fdcc-4c77-9456-9de2f9ffe1fe","level":"http","message":"::1 - GET /favicon.ico 404 - 1.910 ms","requestId":"f923868e-fdcc-4c77-9456-9de2f9ffe1fe","timestamp":"2026-07-01 13:14:01:141"}
{"correlationId":"c3bb661d-7ec5-4279-aef7-75c8da639309","level":"http","message":"::1 - GET / 404 - 0.684 ms","requestId":"c3bb661d-7ec5-4279-aef7-75c8da639309","timestamp":"2026-07-01 13:14:02:142"}
{"correlationId":"f01fabe9-2960-4410-bafb-473808beb5a4","level":"http","message":"::1 - GET / 404 - 0.997 ms","requestId":"f01fabe9-2960-4410-bafb-473808beb5a4","timestamp":"2026-07-01 13:14:02:142"}
{"correlationId":"5a4fd7a2-0417-41ab-b8ab-287380f575f3","level":"http","message":"::1 - GET / 404 - 0.786 ms","requestId":"5a4fd7a2-0417-41ab-b8ab-287380f575f3","timestamp":"2026-07-01 13:14:02:142"}
{"level":"info","message":"✔ Database connection established cleanly.","timestamp":"2026-07-01 13:14:49:1449"}
{"level":"info","message":"🚀 Server running in [development] mode on http://localhost:80","timestamp":"2026-07-01 13:14:49:1449"}
{"level":"info","message":"📖 API documentation available on http://localhost:80/api-docs","timestamp":"2026-07-01 13:14:49:1449"}
{"correlationId":"ec987216-d2be-4484-bc88-1fc801f236fd","level":"http","message":"::1 - GET /api-docs 301 - 6.346 ms","requestId":"ec987216-d2be-4484-bc88-1fc801f236fd","timestamp":"2026-07-01 13:16:12:1612"}
{"correlationId":"52ab5781-4ebf-47c4-839c-44ff992ee50c","level":"http","message":"::1 - GET /api-docs/ 200 - 2.151 ms","requestId":"52ab5781-4ebf-47c4-839c-44ff992ee50c","timestamp":"2026-07-01 13:16:12:1612"}
{"level":"info","message":"✔ Database connection established cleanly.","timestamp":"2026-07-01 13:16:32:1632"}
{"address":"::","code":"EADDRINUSE","errno":-4091,"level":"error","message":"Uncaught Exception thrown: listen EADDRINUSE: address already in use :::80","port":80,"stack":"Error: listen EADDRINUSE: address already in use :::80\n    at Server.setupListenHandle [as _listen2] (node:net:2008:16)\n    at listenInCluster (node:net:2065:12)\n    at Server.listen (node:net:2170:7)\n    at startServer (C:\\homiepg\\backend\\dist\\src\\index.js:17:16)","syscall":"listen","timestamp":"2026-07-01 13:16:32:1632"}
{"level":"info","message":"Received uncaughtException. Starting graceful shutdown...","timestamp":"2026-07-01 13:16:32:1632"}
{"level":"info","message":"HTTP server closed.","timestamp":"2026-07-01 13:16:32:1632"}
{"level":"info","message":"Prisma Client disconnected cleanly.","timestamp":"2026-07-01 13:16:32:1632"}
{"level":"info","message":"✔ Database connection established cleanly.","timestamp":"2026-07-01 13:17:03:173"}
{"level":"info","message":"🚀 Server running in [development] mode on http://localhost:80","timestamp":"2026-07-01 13:17:03:173"}
{"level":"info","message":"📖 API documentation available on http://localhost:80/api-docs","timestamp":"2026-07-01 13:17:03:173"}
{"correlationId":"22d2d768-48a3-4780-8f3a-e15e88387ee5","level":"http","message":"::1 - GET /api/v1/admin/dashboard-stats 404 - 19.409 ms","requestId":"22d2d768-48a3-4780-8f3a-e15e88387ee5","timestamp":"2026-07-01 13:17:24:1724"}
{"correlationId":"2e207ef1-cfa6-4651-89c9-e782d652412c","level":"http","message":"::1 - GET /api/v1/admin/properties 404 - 0.713 ms","requestId":"2e207ef1-cfa6-4651-89c9-e782d652412c","timestamp":"2026-07-01 13:17:30:1730"}
{"correlationId":"444b3d73-1006-4687-9ea7-8d6db0898761","level":"http","message":"::1 - GET /api/v1/admin/properties 404 - 0.501 ms","requestId":"444b3d73-1006-4687-9ea7-8d6db0898761","timestamp":"2026-07-01 13:17:31:1731"}
{"level":"info","message":"✔ Database connection established cleanly.","timestamp":"2026-07-01 18:32:20:3220"}
{"level":"info","message":"🚀 Server running in [development] mode on http://localhost:80","timestamp":"2026-07-01 18:32:20:3220"}
{"level":"info","message":"📖 API documentation available on http://localhost:80/api-docs","timestamp":"2026-07-01 18:32:20:3220"}
{"correlationId":"e8e5db5a-a4c7-41b5-99f7-76faa7defec2","level":"http","message":"::1 - GET /api/v1/admin/dashboard-stats 404 - 18.008 ms","requestId":"e8e5db5a-a4c7-41b5-99f7-76faa7defec2","timestamp":"2026-07-01 18:32:45:3245"}
{"correlationId":"ac3b495b-a613-400f-a1cc-7446b6ebe3e2","level":"http","message":"::1 - GET /api/v1/admin/dashboard-stats 404 - 1.123 ms","requestId":"ac3b495b-a613-400f-a1cc-7446b6ebe3e2","timestamp":"2026-07-01 18:33:55:3355"}
{"correlationId":"6d4dd4af-16f3-4749-b071-90a10614ab6c","level":"http","message":"::1 - GET /api/v1/admin/dashboard-stats 404 - 4.710 ms","requestId":"6d4dd4af-16f3-4749-b071-90a10614ab6c","timestamp":"2026-07-01 20:24:00:240"}
{"correlationId":"37a0f3a7-35f1-465e-92c2-99c99ce58fce","level":"http","message":"::1 - GET /api/v1/admin/dashboard-stats 404 - 0.819 ms","requestId":"37a0f3a7-35f1-465e-92c2-99c99ce58fce","timestamp":"2026-07-01 20:25:41:2541"}
